<?xml version="1.0" encoding="UTF-8"?>
<testsuites>
  <testsuite name="Facade" file="/var/www/patterns/patterns/tests/Structural/Flyweight.php" tests="1" assertions="2" failures="0" errors="0" time="0.001353">
    <testcase name="flyweightTest" class="Facade" file="/var/www/patterns/patterns/tests/Structural/Flyweight.php" line="28" assertions="2" time="0.001353">
      <system-out>title: Larry Truett  author: PHP For Catstitle: Larry Truett  author: PHP For Catstitle: Larry Truett  author: PHP For Dogs</system-out>
    </testcase>
  </testsuite>
</testsuites>
